<?xml version="1.0" encoding="UTF-8"?>
<testsuite xmlns:xsi="http://www.w3.org/2001/XMLSchema-instance" xsi:noNamespaceSchemaLocation="https://maven.apache.org/surefire/maven-surefire-plugin/xsd/surefire-test-report.xsd" name="com.rptdd.FrancTest" time="0.016" tests="1" errors="0" skipped="0" failures="0">
  <properties>
    <property name="sun.desktop" value="gnome"/>
    <property name="awt.toolkit" value="sun.awt.X11.XToolkit"/>
    <property name="java.specification.version" value="11"/>
    <property name="sun.cpu.isalist" value=""/>
    <property name="sun.jnu.encoding" value="UTF-8"/>
    <property name="java.class.path" value="/home/vitor/Documents/UFMG/2025.1/Engenharia-de-Software/Roteiros-Praticos/dcc603-rp-tdd/pratica-tdd/target/test-classes:/home/vitor/Documents/UFMG/2025.1/Engenharia-de-Software/Roteiros-Praticos/dcc603-rp-tdd/pratica-tdd/target/classes:/home/vitor/.m2/repository/junit/junit/4.11/junit-4.11.jar:/home/vitor/.m2/repository/org/hamcrest/hamcrest-core/1.3/hamcrest-core-1.3.jar:"/>
    <property name="java.vm.vendor" value="Arch Linux"/>
    <property name="sun.arch.data.model" value="64"/>
    <property name="java.vendor.url" value="https://openjdk.java.net/"/>
    <property name="user.timezone" value=""/>
    <property name="java.vm.specification.version" value="11"/>
    <property name="os.name" value="Linux"/>
    <property name="sun.java.launcher" value="SUN_STANDARD"/>
    <property name="user.country" value="US"/>
    <property name="sun.boot.library.path" value="/usr/lib/jvm/java-11-openjdk/lib"/>
    <property name="sun.java.command" value="/home/vitor/Documents/UFMG/2025.1/Engenharia-de-Software/Roteiros-Praticos/dcc603-rp-tdd/pratica-tdd/target/surefire/surefirebooter8137774528284057260.jar /home/vitor/Documents/UFMG/2025.1/Engenharia-de-Software/Roteiros-Praticos/dcc603-rp-tdd/pratica-tdd/target/surefire 2025-06-18T16-01-43_933-jvmRun1 surefire5586864422898085213tmp surefire_013066628448611046169tmp"/>
    <property name="jdk.debug" value="release"/>
    <property name="surefire.test.class.path" value="/home/vitor/Documents/UFMG/2025.1/Engenharia-de-Software/Roteiros-Praticos/dcc603-rp-tdd/pratica-tdd/target/test-classes:/home/vitor/Documents/UFMG/2025.1/Engenharia-de-Software/Roteiros-Praticos/dcc603-rp-tdd/pratica-tdd/target/classes:/home/vitor/.m2/repository/junit/junit/4.11/junit-4.11.jar:/home/vitor/.m2/repository/org/hamcrest/hamcrest-core/1.3/hamcrest-core-1.3.jar:"/>
    <property name="sun.cpu.endian" value="little"/>
    <property name="user.home" value="/home/vitor"/>
    <property name="user.language" value="en"/>
    <property name="java.specification.vendor" value="Oracle Corporation"/>
    <property name="java.version.date" value="2025-04-15"/>
    <property name="java.home" value="/usr/lib/jvm/java-11-openjdk"/>
    <property name="file.separator" value="/"/>
    <property name="basedir" value="/home/vitor/Documents/UFMG/2025.1/Engenharia-de-Software/Roteiros-Praticos/dcc603-rp-tdd/pratica-tdd"/>
    <property name="java.vm.compressedOopsMode" value="32-bit"/>
    <property name="line.separator" value="&#10;"/>
    <property name="java.specification.name" value="Java Platform API Specification"/>
    <property name="java.vm.specification.vendor" value="Oracle Corporation"/>
    <property name="java.awt.graphicsenv" value="sun.awt.X11GraphicsEnvironment"/>
    <property name="surefire.real.class.path" value="/home/vitor/Documents/UFMG/2025.1/Engenharia-de-Software/Roteiros-Praticos/dcc603-rp-tdd/pratica-tdd/target/surefire/surefirebooter8137774528284057260.jar"/>
    <property name="sun.management.compiler" value="HotSpot 64-Bit Tiered Compilers"/>
    <property name="java.runtime.version" value="11.0.27+6"/>
    <property name="user.name" value="vitor"/>
    <property name="path.separator" value=":"/>
    <property name="os.version" value="6.15.2-arch1-1"/>
    <property name="java.runtime.name" value="OpenJDK Runtime Environment"/>
    <property name="file.encoding" value="UTF-8"/>
    <property name="java.vm.name" value="OpenJDK 64-Bit Server VM"/>
    <property name="localRepository" value="/home/vitor/.m2/repository"/>
    <property name="java.vendor.url.bug" value="https://bugreport.java.com/bugreport/"/>
    <property name="java.io.tmpdir" value="/tmp"/>
    <property name="java.version" value="11.0.27"/>
    <property name="user.dir" value="/home/vitor/Documents/UFMG/2025.1/Engenharia-de-Software/Roteiros-Praticos/dcc603-rp-tdd/pratica-tdd"/>
    <property name="os.arch" value="amd64"/>
    <property name="java.vm.specification.name" value="Java Virtual Machine Specification"/>
    <property name="java.awt.printerjob" value="sun.print.PSPrinterJob"/>
    <property name="sun.os.patch.level" value="unknown"/>
    <property name="java.library.path" value="/usr/java/packages/lib:/usr/lib64:/lib64:/lib:/usr/lib"/>
    <property name="java.vm.info" value="mixed mode"/>
    <property name="java.vendor" value="Arch Linux"/>
    <property name="java.vm.version" value="11.0.27+6"/>
    <property name="java.specification.maintenance.version" value="3"/>
    <property name="sun.io.unicode.encoding" value="UnicodeLittle"/>
    <property name="java.class.version" value="55.0"/>
  </properties>
  <testcase name="testFrancMultiplication" classname="com.rptdd.FrancTest" time="0.001"/>
</testsuite>