<component name="libraryTable">
  <library name="junit-jupiter-5.13.1-javadoc">
    <CLASSES>
      <root url="jar://$USER_HOME$/Downloads/junit-jupiter-5.13.1-javadoc.jar!/" />
    </CLASSES>
    <JAVADOC />
    <SOURCES />
    <jarDirectory url="jar://$USER_HOME$/Downloads/junit-jupiter-5.13.1-javadoc.jar!/" recursive="false" />
  </library>
</component>